:Corrupted Data: Citizen: 318857719 - corrupted date
:Corrupted Data:Citizen: 1637290981 - unexisting name
:Corrupted Data: Citizen: 1888442711 - unexisting NIF
:Corrupted Data: Citizen: 1754894440 - unexisting address
:Corrupted Data: Citizen: 1998767043 - unexisting polling station code
:Corrupted Data: Citizen: 787738361 - unexisting email
:RepeatedUser: The user 675454312 is already on the database.
:Corrupted Data: Citizen: 607932305 - unexisting lastname
:Corrupted Data: Citizen: 168366 - unexisting nationality
:Corrupted Data: Citizen: 1357563986 - corrupted date
:Corrupted Data:Citizen: 49752459 - unexisting name
:Corrupted Data: Citizen: 411506101 - unexisting NIF
:Corrupted Data: Citizen: 514455215 - unexisting address
:Corrupted Data: Citizen: 1780034814 - unexisting polling station code
:Corrupted Data: Citizen: 1360657223 - unexisting email
:RepeatedUser: The user 675454312 is already on the database.
:Corrupted Data: Citizen: 1905485420 - unexisting lastname
:Corrupted Data: Citizen: 551479935 - unexisting nationality
:Corrupted Data: Citizen: 970890202 - unexisting nationality
:Corrupted Data: Citizen: 970890202 - corrupted date
:RepeatedUser: The user 279105571 is already on the database.
:Corrupted Data: Citizen: 60055669 - unexisting nationality
:Corrupted Data: Citizen: 60055669 - corrupted date
:Corrupted Data: Citizen: 476179877 - unexisting nationality
:Corrupted Data: Citizen: 476179877 - corrupted date
:RepeatedUser: The user 808416314 is already on the database.
